/home/josh/Documents/jdspiralapp/config/environments/development.rb:46:in `<top (required)>': undefined method `+@' for #<Hash:0x00000001ae0c58> (NoMethodError)
	from /usr/local/rvm/gems/ruby-2.1.0/gems/activesupport-4.0.2/lib/active_support/dependencies.rb:229:in `require'
	from /usr/local/rvm/gems/ruby-2.1.0/gems/activesupport-4.0.2/lib/active_support/dependencies.rb:229:in `block in require'
	from /usr/local/rvm/gems/ruby-2.1.0/gems/activesupport-4.0.2/lib/active_support/dependencies.rb:214:in `load_dependency'
	from /usr/local/rvm/gems/ruby-2.1.0/gems/activesupport-4.0.2/lib/active_support/dependencies.rb:229:in `require'
	from /usr/local/rvm/gems/ruby-2.1.0/gems/railties-4.0.2/lib/rails/engine.rb:591:in `block (2 levels) in <class:Engine>'
	from /usr/local/rvm/gems/ruby-2.1.0/gems/railties-4.0.2/lib/rails/engine.rb:590:in `each'
	from /usr/local/rvm/gems/ruby-2.1.0/gems/railties-4.0.2/lib/rails/engine.rb:590:in `block in <class:Engine>'
	from /usr/local/rvm/gems/ruby-2.1.0/gems/railties-4.0.2/lib/rails/initializable.rb:30:in `instance_exec'
	from /usr/local/rvm/gems/ruby-2.1.0/gems/railties-4.0.2/lib/rails/initializable.rb:30:in `run'
	from /usr/local/rvm/gems/ruby-2.1.0/gems/railties-4.0.2/lib/rails/initializable.rb:55:in `block in run_initializers'
	from /usr/local/rvm/rubies/ruby-2.1.0/lib/ruby/2.1.0/tsort.rb:226:in `block in tsort_each'
	from /usr/local/rvm/rubies/ruby-2.1.0/lib/ruby/2.1.0/tsort.rb:348:in `block (2 levels) in each_strongly_connected_component'
	from /usr/local/rvm/rubies/ruby-2.1.0/lib/ruby/2.1.0/tsort.rb:418:in `block (2 levels) in each_strongly_connected_component_from'
	from /usr/local/rvm/rubies/ruby-2.1.0/lib/ruby/2.1.0/tsort.rb:427:in `each_strongly_connected_component_from'
	from /usr/local/rvm/rubies/ruby-2.1.0/lib/ruby/2.1.0/tsort.rb:417:in `block in each_strongly_connected_component_from'
	from /usr/local/rvm/gems/ruby-2.1.0/gems/railties-4.0.2/lib/rails/initializable.rb:44:in `each'
	from /usr/local/rvm/gems/ruby-2.1.0/gems/railties-4.0.2/lib/rails/initializable.rb:44:in `tsort_each_child'
	from /usr/local/rvm/rubies/ruby-2.1.0/lib/ruby/2.1.0/tsort.rb:411:in `call'
	from /usr/local/rvm/rubies/ruby-2.1.0/lib/ruby/2.1.0/tsort.rb:411:in `each_strongly_connected_component_from'
	from /usr/local/rvm/rubies/ruby-2.1.0/lib/ruby/2.1.0/tsort.rb:347:in `block in each_strongly_connected_component'
	from /usr/local/rvm/rubies/ruby-2.1.0/lib/ruby/2.1.0/tsort.rb:345:in `each'
	from /usr/local/rvm/rubies/ruby-2.1.0/lib/ruby/2.1.0/tsort.rb:345:in `call'
	from /usr/local/rvm/rubies/ruby-2.1.0/lib/ruby/2.1.0/tsort.rb:345:in `each_strongly_connected_component'
	from /usr/local/rvm/rubies/ruby-2.1.0/lib/ruby/2.1.0/tsort.rb:224:in `tsort_each'
	from /usr/local/rvm/rubies/ruby-2.1.0/lib/ruby/2.1.0/tsort.rb:205:in `tsort_each'
	from /usr/local/rvm/gems/ruby-2.1.0/gems/railties-4.0.2/lib/rails/initializable.rb:54:in `run_initializers'
	from /usr/local/rvm/gems/ruby-2.1.0/gems/railties-4.0.2/lib/rails/application.rb:215:in `initialize!'
	from /usr/local/rvm/gems/ruby-2.1.0/gems/railties-4.0.2/lib/rails/railtie/configurable.rb:30:in `method_missing'
	from /home/josh/Documents/jdspiralapp/config/environment.rb:5:in `<top (required)>'
	from /home/josh/Documents/jdspiralapp/config.ru:3:in `require'
	from /home/josh/Documents/jdspiralapp/config.ru:3:in `block in <main>'
	from /usr/local/rvm/gems/ruby-2.1.0/gems/rack-1.5.2/lib/rack/builder.rb:55:in `instance_eval'
	from /usr/local/rvm/gems/ruby-2.1.0/gems/rack-1.5.2/lib/rack/builder.rb:55:in `initialize'
	from /home/josh/Documents/jdspiralapp/config.ru:in `new'
	from /home/josh/Documents/jdspiralapp/config.ru:in `<main>'
	from /usr/local/rvm/gems/ruby-2.1.0/gems/rack-1.5.2/lib/rack/builder.rb:49:in `eval'
	from /usr/local/rvm/gems/ruby-2.1.0/gems/rack-1.5.2/lib/rack/builder.rb:49:in `new_from_string'
	from /usr/local/rvm/gems/ruby-2.1.0/gems/rack-1.5.2/lib/rack/builder.rb:40:in `parse_file'
	from /usr/local/rvm/gems/ruby-2.1.0/gems/rack-1.5.2/lib/rack/server.rb:277:in `build_app_and_options_from_config'
	from /usr/local/rvm/gems/ruby-2.1.0/gems/rack-1.5.2/lib/rack/server.rb:199:in `app'
	from /usr/local/rvm/gems/ruby-2.1.0/gems/railties-4.0.2/lib/rails/commands/server.rb:48:in `app'
	from /usr/local/rvm/gems/ruby-2.1.0/gems/rack-1.5.2/lib/rack/server.rb:314:in `wrapped_app'
	from /usr/local/rvm/gems/ruby-2.1.0/gems/railties-4.0.2/lib/rails/commands/server.rb:75:in `start'
	from /usr/local/rvm/gems/ruby-2.1.0/gems/railties-4.0.2/lib/rails/commands.rb:76:in `block in <top (required)>'
	from /usr/local/rvm/gems/ruby-2.1.0/gems/railties-4.0.2/lib/rails/commands.rb:71:in `tap'
	from /usr/local/rvm/gems/ruby-2.1.0/gems/railties-4.0.2/lib/rails/commands.rb:71:in `<top (required)>'
	from bin/rails:4:in `require'
	from bin/rails:4:in `<main>'
