rake aborted!
StandardError: An error has occurred, this and all later migrations canceled:

SQLite3::SQLException: table "users" already exists: CREATE TABLE "users" ("id" INTEGER PRIMARY KEY AUTOINCREMENT NOT NULL, "name" varchar(255), "email" varchar(255), "created_at" datetime, "updated_at" datetime) /usr/local/rvm/gems/ruby-2.1.0/gems/sqlite3-1.3.9/lib/sqlite3/database.rb:91:in `initialize'
/usr/local/rvm/gems/ruby-2.1.0/gems/sqlite3-1.3.9/lib/sqlite3/database.rb:91:in `new'
/usr/local/rvm/gems/ruby-2.1.0/gems/sqlite3-1.3.9/lib/sqlite3/database.rb:91:in `prepare'
/usr/local/rvm/gems/ruby-2.1.0/gems/sqlite3-1.3.9/lib/sqlite3/database.rb:134:in `execute'
/usr/local/rvm/gems/ruby-2.1.0/gems/activerecord-4.0.2/lib/active_record/connection_adapters/sqlite3_adapter.rb:331:in `block in execute'
/usr/local/rvm/gems/ruby-2.1.0/gems/activerecord-4.0.2/lib/active_record/connection_adapters/abstract_adapter.rb:435:in `block in log'
/usr/local/rvm/gems/ruby-2.1.0/gems/activesupport-4.0.2/lib/active_support/notifications/instrumenter.rb:20:in `instrument'
/usr/local/rvm/gems/ruby-2.1.0/gems/activerecord-4.0.2/lib/active_record/connection_adapters/abstract_adapter.rb:430:in `log'
/usr/local/rvm/gems/ruby-2.1.0/gems/activerecord-4.0.2/lib/active_record/connection_adapters/sqlite3_adapter.rb:331:in `execute'
/usr/local/rvm/gems/ruby-2.1.0/gems/activerecord-4.0.2/lib/active_record/connection_adapters/abstract/schema_statements.rb:190:in `create_table'
/usr/local/rvm/gems/ruby-2.1.0/gems/activerecord-4.0.2/lib/active_record/migration.rb:625:in `block in method_missing'
/usr/local/rvm/gems/ruby-2.1.0/gems/activerecord-4.0.2/lib/active_record/migration.rb:597:in `block in say_with_time'
/usr/local/rvm/gems/ruby-2.1.0/gems/activerecord-4.0.2/lib/active_record/migration.rb:597:in `say_with_time'
/usr/local/rvm/gems/ruby-2.1.0/gems/activerecord-4.0.2/lib/active_record/migration.rb:617:in `method_missing'
/home/josh/Documents/jdspiralapp/db/migrate/20140418015111_create_users.rb:3:in `change'
/usr/local/rvm/gems/ruby-2.1.0/gems/activerecord-4.0.2/lib/active_record/migration.rb:571:in `exec_migration'
/usr/local/rvm/gems/ruby-2.1.0/gems/activerecord-4.0.2/lib/active_record/migration.rb:555:in `block (2 levels) in migrate'
/usr/local/rvm/gems/ruby-2.1.0/gems/activerecord-4.0.2/lib/active_record/migration.rb:554:in `block in migrate'
/usr/local/rvm/gems/ruby-2.1.0/gems/activerecord-4.0.2/lib/active_record/connection_adapters/abstract/connection_pool.rb:294:in `with_connection'
/usr/local/rvm/gems/ruby-2.1.0/gems/activerecord-4.0.2/lib/active_record/migration.rb:553:in `migrate'
/usr/local/rvm/gems/ruby-2.1.0/gems/activerecord-4.0.2/lib/active_record/migration.rb:709:in `migrate'
/usr/local/rvm/gems/ruby-2.1.0/gems/activerecord-4.0.2/lib/active_record/migration.rb:959:in `block in execute_migration_in_transaction'
/usr/local/rvm/gems/ruby-2.1.0/gems/activerecord-4.0.2/lib/active_record/migration.rb:1005:in `block in ddl_transaction'
/usr/local/rvm/gems/ruby-2.1.0/gems/activerecord-4.0.2/lib/active_record/connection_adapters/abstract/database_statements.rb:202:in `block in transaction'
/usr/local/rvm/gems/ruby-2.1.0/gems/activerecord-4.0.2/lib/active_record/connection_adapters/abstract/database_statements.rb:210:in `within_new_transaction'
/usr/local/rvm/gems/ruby-2.1.0/gems/activerecord-4.0.2/lib/active_record/connection_adapters/abstract/database_statements.rb:202:in `transaction'
/usr/local/rvm/gems/ruby-2.1.0/gems/activerecord-4.0.2/lib/active_record/transactions.rb:209:in `transaction'
/usr/local/rvm/gems/ruby-2.1.0/gems/activerecord-4.0.2/lib/active_record/migration.rb:1005:in `ddl_transaction'
/usr/local/rvm/gems/ruby-2.1.0/gems/activerecord-4.0.2/lib/active_record/migration.rb:958:in `execute_migration_in_transaction'
/usr/local/rvm/gems/ruby-2.1.0/gems/activerecord-4.0.2/lib/active_record/migration.rb:920:in `block in migrate'
/usr/local/rvm/gems/ruby-2.1.0/gems/activerecord-4.0.2/lib/active_record/migration.rb:916:in `each'
/usr/local/rvm/gems/ruby-2.1.0/gems/activerecord-4.0.2/lib/active_record/migration.rb:916:in `migrate'
/usr/local/rvm/gems/ruby-2.1.0/gems/activerecord-4.0.2/lib/active_record/migration.rb:764:in `up'
/usr/local/rvm/gems/ruby-2.1.0/gems/activerecord-4.0.2/lib/active_record/migration.rb:742:in `migrate'
/usr/local/rvm/gems/ruby-2.1.0/gems/activerecord-4.0.2/lib/active_record/railties/databases.rake:42:in `block (2 levels) in <top (required)>'
ActiveRecord::StatementInvalid: SQLite3::SQLException: table "users" already exists: CREATE TABLE "users" ("id" INTEGER PRIMARY KEY AUTOINCREMENT NOT NULL, "name" varchar(255), "email" varchar(255), "created_at" datetime, "updated_at" datetime) 
/usr/local/rvm/gems/ruby-2.1.0/gems/sqlite3-1.3.9/lib/sqlite3/database.rb:91:in `initialize'
/usr/local/rvm/gems/ruby-2.1.0/gems/sqlite3-1.3.9/lib/sqlite3/database.rb:91:in `new'
/usr/local/rvm/gems/ruby-2.1.0/gems/sqlite3-1.3.9/lib/sqlite3/database.rb:91:in `prepare'
/usr/local/rvm/gems/ruby-2.1.0/gems/sqlite3-1.3.9/lib/sqlite3/database.rb:134:in `execute'
/usr/local/rvm/gems/ruby-2.1.0/gems/activerecord-4.0.2/lib/active_record/connection_adapters/sqlite3_adapter.rb:331:in `block in execute'
/usr/local/rvm/gems/ruby-2.1.0/gems/activerecord-4.0.2/lib/active_record/connection_adapters/abstract_adapter.rb:435:in `block in log'
/usr/local/rvm/gems/ruby-2.1.0/gems/activesupport-4.0.2/lib/active_support/notifications/instrumenter.rb:20:in `instrument'
/usr/local/rvm/gems/ruby-2.1.0/gems/activerecord-4.0.2/lib/active_record/connection_adapters/abstract_adapter.rb:430:in `log'
/usr/local/rvm/gems/ruby-2.1.0/gems/activerecord-4.0.2/lib/active_record/connection_adapters/sqlite3_adapter.rb:331:in `execute'
/usr/local/rvm/gems/ruby-2.1.0/gems/activerecord-4.0.2/lib/active_record/connection_adapters/abstract/schema_statements.rb:190:in `create_table'
/usr/local/rvm/gems/ruby-2.1.0/gems/activerecord-4.0.2/lib/active_record/migration.rb:625:in `block in method_missing'
/usr/local/rvm/gems/ruby-2.1.0/gems/activerecord-4.0.2/lib/active_record/migration.rb:597:in `block in say_with_time'
/usr/local/rvm/gems/ruby-2.1.0/gems/activerecord-4.0.2/lib/active_record/migration.rb:597:in `say_with_time'
/usr/local/rvm/gems/ruby-2.1.0/gems/activerecord-4.0.2/lib/active_record/migration.rb:617:in `method_missing'
/home/josh/Documents/jdspiralapp/db/migrate/20140418015111_create_users.rb:3:in `change'
/usr/local/rvm/gems/ruby-2.1.0/gems/activerecord-4.0.2/lib/active_record/migration.rb:571:in `exec_migration'
/usr/local/rvm/gems/ruby-2.1.0/gems/activerecord-4.0.2/lib/active_record/migration.rb:555:in `block (2 levels) in migrate'
/usr/local/rvm/gems/ruby-2.1.0/gems/activerecord-4.0.2/lib/active_record/migration.rb:554:in `block in migrate'
/usr/local/rvm/gems/ruby-2.1.0/gems/activerecord-4.0.2/lib/active_record/connection_adapters/abstract/connection_pool.rb:294:in `with_connection'
/usr/local/rvm/gems/ruby-2.1.0/gems/activerecord-4.0.2/lib/active_record/migration.rb:553:in `migrate'
/usr/local/rvm/gems/ruby-2.1.0/gems/activerecord-4.0.2/lib/active_record/migration.rb:709:in `migrate'
/usr/local/rvm/gems/ruby-2.1.0/gems/activerecord-4.0.2/lib/active_record/migration.rb:959:in `block in execute_migration_in_transaction'
/usr/local/rvm/gems/ruby-2.1.0/gems/activerecord-4.0.2/lib/active_record/migration.rb:1005:in `block in ddl_transaction'
/usr/local/rvm/gems/ruby-2.1.0/gems/activerecord-4.0.2/lib/active_record/connection_adapters/abstract/database_statements.rb:202:in `block in transaction'
/usr/local/rvm/gems/ruby-2.1.0/gems/activerecord-4.0.2/lib/active_record/connection_adapters/abstract/database_statements.rb:210:in `within_new_transaction'
/usr/local/rvm/gems/ruby-2.1.0/gems/activerecord-4.0.2/lib/active_record/connection_adapters/abstract/database_statements.rb:202:in `transaction'
/usr/local/rvm/gems/ruby-2.1.0/gems/activerecord-4.0.2/lib/active_record/transactions.rb:209:in `transaction'
/usr/local/rvm/gems/ruby-2.1.0/gems/activerecord-4.0.2/lib/active_record/migration.rb:1005:in `ddl_transaction'
/usr/local/rvm/gems/ruby-2.1.0/gems/activerecord-4.0.2/lib/active_record/migration.rb:958:in `execute_migration_in_transaction'
/usr/local/rvm/gems/ruby-2.1.0/gems/activerecord-4.0.2/lib/active_record/migration.rb:920:in `block in migrate'
/usr/local/rvm/gems/ruby-2.1.0/gems/activerecord-4.0.2/lib/active_record/migration.rb:916:in `each'
/usr/local/rvm/gems/ruby-2.1.0/gems/activerecord-4.0.2/lib/active_record/migration.rb:916:in `migrate'
/usr/local/rvm/gems/ruby-2.1.0/gems/activerecord-4.0.2/lib/active_record/migration.rb:764:in `up'
/usr/local/rvm/gems/ruby-2.1.0/gems/activerecord-4.0.2/lib/active_record/migration.rb:742:in `migrate'
/usr/local/rvm/gems/ruby-2.1.0/gems/activerecord-4.0.2/lib/active_record/railties/databases.rake:42:in `block (2 levels) in <top (required)>'
SQLite3::SQLException: table "users" already exists
/usr/local/rvm/gems/ruby-2.1.0/gems/sqlite3-1.3.9/lib/sqlite3/database.rb:91:in `initialize'
/usr/local/rvm/gems/ruby-2.1.0/gems/sqlite3-1.3.9/lib/sqlite3/database.rb:91:in `new'
/usr/local/rvm/gems/ruby-2.1.0/gems/sqlite3-1.3.9/lib/sqlite3/database.rb:91:in `prepare'
/usr/local/rvm/gems/ruby-2.1.0/gems/sqlite3-1.3.9/lib/sqlite3/database.rb:134:in `execute'
/usr/local/rvm/gems/ruby-2.1.0/gems/activerecord-4.0.2/lib/active_record/connection_adapters/sqlite3_adapter.rb:331:in `block in execute'
/usr/local/rvm/gems/ruby-2.1.0/gems/activerecord-4.0.2/lib/active_record/connection_adapters/abstract_adapter.rb:435:in `block in log'
/usr/local/rvm/gems/ruby-2.1.0/gems/activesupport-4.0.2/lib/active_support/notifications/instrumenter.rb:20:in `instrument'
/usr/local/rvm/gems/ruby-2.1.0/gems/activerecord-4.0.2/lib/active_record/connection_adapters/abstract_adapter.rb:430:in `log'
/usr/local/rvm/gems/ruby-2.1.0/gems/activerecord-4.0.2/lib/active_record/connection_adapters/sqlite3_adapter.rb:331:in `execute'
/usr/local/rvm/gems/ruby-2.1.0/gems/activerecord-4.0.2/lib/active_record/connection_adapters/abstract/schema_statements.rb:190:in `create_table'
/usr/local/rvm/gems/ruby-2.1.0/gems/activerecord-4.0.2/lib/active_record/migration.rb:625:in `block in method_missing'
/usr/local/rvm/gems/ruby-2.1.0/gems/activerecord-4.0.2/lib/active_record/migration.rb:597:in `block in say_with_time'
/usr/local/rvm/gems/ruby-2.1.0/gems/activerecord-4.0.2/lib/active_record/migration.rb:597:in `say_with_time'
/usr/local/rvm/gems/ruby-2.1.0/gems/activerecord-4.0.2/lib/active_record/migration.rb:617:in `method_missing'
/home/josh/Documents/jdspiralapp/db/migrate/20140418015111_create_users.rb:3:in `change'
/usr/local/rvm/gems/ruby-2.1.0/gems/activerecord-4.0.2/lib/active_record/migration.rb:571:in `exec_migration'
/usr/local/rvm/gems/ruby-2.1.0/gems/activerecord-4.0.2/lib/active_record/migration.rb:555:in `block (2 levels) in migrate'
/usr/local/rvm/gems/ruby-2.1.0/gems/activerecord-4.0.2/lib/active_record/migration.rb:554:in `block in migrate'
/usr/local/rvm/gems/ruby-2.1.0/gems/activerecord-4.0.2/lib/active_record/connection_adapters/abstract/connection_pool.rb:294:in `with_connection'
/usr/local/rvm/gems/ruby-2.1.0/gems/activerecord-4.0.2/lib/active_record/migration.rb:553:in `migrate'
/usr/local/rvm/gems/ruby-2.1.0/gems/activerecord-4.0.2/lib/active_record/migration.rb:709:in `migrate'
/usr/local/rvm/gems/ruby-2.1.0/gems/activerecord-4.0.2/lib/active_record/migration.rb:959:in `block in execute_migration_in_transaction'
/usr/local/rvm/gems/ruby-2.1.0/gems/activerecord-4.0.2/lib/active_record/migration.rb:1005:in `block in ddl_transaction'
/usr/local/rvm/gems/ruby-2.1.0/gems/activerecord-4.0.2/lib/active_record/connection_adapters/abstract/database_statements.rb:202:in `block in transaction'
/usr/local/rvm/gems/ruby-2.1.0/gems/activerecord-4.0.2/lib/active_record/connection_adapters/abstract/database_statements.rb:210:in `within_new_transaction'
/usr/local/rvm/gems/ruby-2.1.0/gems/activerecord-4.0.2/lib/active_record/connection_adapters/abstract/database_statements.rb:202:in `transaction'
/usr/local/rvm/gems/ruby-2.1.0/gems/activerecord-4.0.2/lib/active_record/transactions.rb:209:in `transaction'
/usr/local/rvm/gems/ruby-2.1.0/gems/activerecord-4.0.2/lib/active_record/migration.rb:1005:in `ddl_transaction'
/usr/local/rvm/gems/ruby-2.1.0/gems/activerecord-4.0.2/lib/active_record/migration.rb:958:in `execute_migration_in_transaction'
/usr/local/rvm/gems/ruby-2.1.0/gems/activerecord-4.0.2/lib/active_record/migration.rb:920:in `block in migrate'
/usr/local/rvm/gems/ruby-2.1.0/gems/activerecord-4.0.2/lib/active_record/migration.rb:916:in `each'
/usr/local/rvm/gems/ruby-2.1.0/gems/activerecord-4.0.2/lib/active_record/migration.rb:916:in `migrate'
/usr/local/rvm/gems/ruby-2.1.0/gems/activerecord-4.0.2/lib/active_record/migration.rb:764:in `up'
/usr/local/rvm/gems/ruby-2.1.0/gems/activerecord-4.0.2/lib/active_record/migration.rb:742:in `migrate'
/usr/local/rvm/gems/ruby-2.1.0/gems/activerecord-4.0.2/lib/active_record/railties/databases.rake:42:in `block (2 levels) in <top (required)>'
Tasks: TOP => db:migrate
(See full trace by running task with --trace)
